<?xml version="1.0" encoding="UTF-8"?>
<testng-results ignored="0" total="2" passed="2" failed="0" skipped="0">
  <reporter-output>
  </reporter-output>
  <suite started-at="2022-10-19T18:51:07Z" name="Suite" finished-at="2022-10-19T18:52:16Z" duration-ms="69721">
    <groups>
    </groups>
    <test started-at="2022-10-19T18:51:07Z" name="Test" finished-at="2022-10-19T18:52:16Z" duration-ms="69721">
      <class name="Testcases.Register">
        <test-method is-config="true" signature="setDriver()[pri:0, instance:Testcases.Register@1ddae9b5]" started-at="2022-10-19T18:51:07Z" name="setDriver" finished-at="2022-10-19T18:51:08Z" duration-ms="1497" status="PASS">
          <reporter-output>
          </reporter-output>
        </test-method> <!-- setDriver -->
        <test-method signature="registration()[pri:0, instance:Testcases.Register@1ddae9b5]" started-at="2022-10-19T18:51:08Z" name="registration" finished-at="2022-10-19T18:51:23Z" duration-ms="14316" status="PASS">
          <reporter-output>
          </reporter-output>
        </test-method> <!-- registration -->
        <test-method is-config="true" signature="close()[pri:0, instance:Testcases.Register@1ddae9b5]" started-at="2022-10-19T18:51:23Z" name="close" finished-at="2022-10-19T18:51:39Z" duration-ms="16262" status="PASS">
          <reporter-output>
          </reporter-output>
        </test-method> <!-- close -->
      </class> <!-- Testcases.Register -->
      <class name="Testcases.PlaceOrder">
        <test-method is-config="true" signature="setDriver()[pri:0, instance:Testcases.PlaceOrder@427b5f92]" started-at="2022-10-19T18:51:39Z" name="setDriver" finished-at="2022-10-19T18:51:40Z" duration-ms="1366" status="PASS">
          <reporter-output>
          </reporter-output>
        </test-method> <!-- setDriver -->
        <test-method signature="placeOrder()[pri:0, instance:Testcases.PlaceOrder@427b5f92]" started-at="2022-10-19T18:51:40Z" name="placeOrder" finished-at="2022-10-19T18:52:00Z" duration-ms="19924" status="PASS">
          <reporter-output>
          </reporter-output>
        </test-method> <!-- placeOrder -->
        <test-method is-config="true" signature="close()[pri:0, instance:Testcases.PlaceOrder@427b5f92]" started-at="2022-10-19T18:52:00Z" name="close" finished-at="2022-10-19T18:52:16Z" duration-ms="16247" status="PASS">
          <reporter-output>
          </reporter-output>
        </test-method> <!-- close -->
      </class> <!-- Testcases.PlaceOrder -->
    </test> <!-- Test -->
  </suite> <!-- Suite -->
</testng-results>
